<?xml version="1.0" encoding="UTF-8"?>
<testsuite name="StringDrinkTest" tests="5" skipped="0" failures="0" errors="0" timestamp="2021-12-08T09:44:58" hostname="LAPTOP-VE01Q4MU" time="0.019">
  <properties/>
  <testcase name="stringReplacer()" classname="StringDrinkTest" time="0.011"/>
  <testcase name="stringDrink()" classname="StringDrinkTest" time="0.0"/>
  <testcase name="stringInverter()" classname="StringDrinkTest" time="0.0"/>
  <testcase name="stringRecipe()" classname="StringDrinkTest" time="0.005"/>
  <testcase name="stringCaseChanger()" classname="StringDrinkTest" time="0.0"/>
  <system-out><![CDATA[]]></system-out>
  <system-err><![CDATA[]]></system-err>
</testsuite>
