<?xml version="1.0" encoding="UTF-8"?>
<testsuite name="StringDrinkTest" tests="1" skipped="0" failures="0" errors="0" timestamp="2021-12-16T22:27:50" hostname="LAPTOP-VE01Q4MU" time="0.016">
  <properties/>
  <testcase name="romulan()" classname="StringDrinkTest" time="0.016"/>
  <system-out><![CDATA[]]></system-out>
  <system-err><![CDATA[]]></system-err>
</testsuite>
