<?xml version="1.0" encoding="UTF-8"?>
<testsuite name="StringDrinkTest" tests="1" skipped="0" failures="0" errors="0" timestamp="2021-12-08T22:23:33" hostname="LAPTOP-VE01Q4MU" time="0.31">
  <properties/>
  <testcase name="addObserver()" classname="StringDrinkTest" time="0.31"/>
  <system-out><![CDATA[]]></system-out>
  <system-err><![CDATA[]]></system-err>
</testsuite>
